Starting WeixinsellApplication on LAPTOP-0ECG6CSM with PID 14176 (D:\programming\EE\target\classes started by 38134 in D:\programming\EE)
No active profile set, falling back to default profiles: default
Refreshing org.springframework.boot.web.servlet.context.AnnotationConfigServletWebServerApplicationContext@ebb6851: startup date [Fri Aug 24 12:26:38 CST 2018]; root of context hierarchy
Multiple Spring Data modules found, entering strict repository configuration mode!
Multiple Spring Data modules found, entering strict repository configuration mode!
Spring Data Redis - Could not safely identify store assignment for repository candidate interface com.bitekeji.weixinsell.repository.OrderDetailReposity.
Spring Data Redis - Could not safely identify store assignment for repository candidate interface com.bitekeji.weixinsell.repository.OrderMasterReposity.
Spring Data Redis - Could not safely identify store assignment for repository candidate interface com.bitekeji.weixinsell.repository.ProductCategoryReposity.
Spring Data Redis - Could not safely identify store assignment for repository candidate interface com.bitekeji.weixinsell.repository.ProductInfoReposity.
Spring Data Redis - Could not safely identify store assignment for repository candidate interface com.bitekeji.weixinsell.repository.SellerInfoReposity.
Bean 'org.springframework.transaction.annotation.ProxyTransactionManagementConfiguration' of type [org.springframework.transaction.annotation.ProxyTransactionManagementConfiguration$$EnhancerBySpringCGLIB$$69684147] is not eligible for getting processed by all BeanPostProcessors (for example: not eligible for auto-proxying)
Tomcat initialized with port(s): 8080 (http)
Initializing ProtocolHandler ["http-nio-8080"]
Starting service [Tomcat]
Starting Servlet Engine: Apache Tomcat/8.5.32
The APR based Apache Tomcat Native library which allows optimal performance in production environments was not found on the java.library.path: [D:\programming\jdk1.8\bin;C:\WINDOWS\Sun\Java\bin;C:\WINDOWS\system32;C:\WINDOWS;C:\ProgramData\Oracle\Java\javapath;C:\Program Files\MySQL\MySQL Server 5.7\bin;C:;D:\programming\jdk1.8\bin;D:\programming\jdk1.8\jre\bin; \ProgramData\Oracle\Java\javapath;C:\Program Files (x86)\Intel\iCLS Client\;C:\Program Files\Intel\iCLS Client\;C:\Windows\system32;C:\Windows;C:\Windows\System32\Wbem;C:\Windows\System32\WindowsPowerShell\v1.0\;C:\Program Files (x86)\Intel\Intel(R) Management Engine Components\DAL;C:\Program Files\Intel\Intel(R) Management Engine Components\DAL;C:\Program Files (x86)\Intel\Intel(R) Management Engine Components\IPT;C:\Program Files\Intel\Intel(R) Management Engine Components\IPT;C:\Program Files (x86)\NVIDIA Corporation\PhysX\Common;C:\Program Files\MySQL\MySQL Utilities 1.6\;D:\programming\apache-maven-3.5.2\bin;D:\Applications\Svn\bin;C:\Program Files\Git\cmd;C:\WINDOWS\system32;C:\WINDOWS;C:\WINDOWS\System32\Wbem;C:\WINDOWS\System32\WindowsPowerShell\v1.0\;C:\WINDOWS\System32\OpenSSH\;C:\Program Files\Intel\WiFi\bin\;C:\Program Files\Common Files\Intel\WirelessCommon\;C:\Program Files\nodejs\;D:\programming\Microsoft VS Code\bin;C:\Users\38134\AppData\Local\Microsoft\WindowsApps;C:\Users\38134\AppData\Local\GitHubDesktop\bin;D:\programming\Microsoft VS Code\bin;C:\Users\38134\AppData\Local\Microsoft\WindowsApps;C:\Users\38134\AppData\Roaming\npm;D:\programming\Fiddler;.]
Initializing Spring embedded WebApplicationContext
Root WebApplicationContext: initialization completed in 1813 ms
Servlet dispatcherServlet mapped to [/]
Mapping filter: 'characterEncodingFilter' to: [/*]
Mapping filter: 'hiddenHttpMethodFilter' to: [/*]
Mapping filter: 'httpPutFormContentFilter' to: [/*]
Mapping filter: 'requestContextFilter' to: [/*]
HikariPool-1 - Starting...
HikariPool-1 - Start completed.
Building JPA container EntityManagerFactory for persistence unit 'default'
HHH000204: Processing PersistenceUnitInfo [
	name: default
	...]
HHH000412: Hibernate Core {5.2.17.Final}
HHH000206: hibernate.properties not found
HCANN000001: Hibernate Commons Annotations {5.0.1.Final}
HHH000400: Using dialect: org.hibernate.dialect.MySQL5Dialect
Initialized JPA EntityManagerFactory for persistence unit 'default'
Mapped URL path [/**/favicon.ico] onto handler of type [class org.springframework.web.servlet.resource.ResourceHttpRequestHandler]
Looking for @ControllerAdvice: org.springframework.boot.web.servlet.context.AnnotationConfigServletWebServerApplicationContext@ebb6851: startup date [Fri Aug 24 12:26:38 CST 2018]; root of context hierarchy
Mapped "{[/buyer/order/create],methods=[POST]}" onto public com.bitekeji.weixinsell.VO.ResultVO<java.util.Map<java.lang.String, java.lang.String>> com.bitekeji.weixinsell.controller.BuyerOrderController.create(com.bitekeji.weixinsell.form.OrderForm,org.springframework.validation.BindingResult)
Mapped "{[/buyer/order/list],methods=[GET]}" onto public com.bitekeji.weixinsell.VO.ResultVO<java.util.List<com.bitekeji.weixinsell.dto.OrderDTO>> com.bitekeji.weixinsell.controller.BuyerOrderController.list(com.bitekeji.weixinsell.form.OrderListForm,org.springframework.validation.BindingResult)
Mapped "{[/buyer/order/detail],methods=[GET]}" onto public com.bitekeji.weixinsell.VO.ResultVO<com.bitekeji.weixinsell.dto.OrderDTO> com.bitekeji.weixinsell.controller.BuyerOrderController.detail(com.bitekeji.weixinsell.form.OrderDetailForm,org.springframework.validation.BindingResult)
Mapped "{[/buyer/order/cancle],methods=[GET]}" onto public com.bitekeji.weixinsell.VO.ResultVO<com.bitekeji.weixinsell.dto.OrderDTO> com.bitekeji.weixinsell.controller.BuyerOrderController.cancle(com.bitekeji.weixinsell.form.OrderDetailForm,org.springframework.validation.BindingResult)
Mapped "{[/buyer/product/list],methods=[GET]}" onto public com.bitekeji.weixinsell.VO.ResultVO com.bitekeji.weixinsell.controller.BuyerProductController.list()
Mapped "{[/seller/category/index],methods=[GET]}" onto public org.springframework.web.servlet.ModelAndView com.bitekeji.weixinsell.controller.SellerCategoryController.index(java.lang.Integer,java.util.Map<java.lang.String, java.lang.Object>)
Mapped "{[/seller/category/list],methods=[GET]}" onto public org.springframework.web.servlet.ModelAndView com.bitekeji.weixinsell.controller.SellerCategoryController.list(java.util.Map<java.lang.String, java.lang.Object>)
Mapped "{[/seller/category/save],methods=[POST]}" onto public org.springframework.web.servlet.ModelAndView com.bitekeji.weixinsell.controller.SellerCategoryController.save(com.bitekeji.weixinsell.form.CategoryForm,org.springframework.validation.BindingResult,java.util.Map<java.lang.String, java.lang.Object>)
Mapped "{[/seller/login]}" onto public void com.bitekeji.weixinsell.controller.SellerLoginController.login(java.lang.String,java.lang.String,javax.servlet.http.HttpServletResponse)
Mapped "{[/seller/order/list],methods=[GET]}" onto public org.springframework.web.servlet.ModelAndView com.bitekeji.weixinsell.controller.SellerOrderController.list(java.lang.Integer,java.lang.Integer,java.util.Map<java.lang.String, java.lang.Object>)
Mapped "{[/seller/order/cancel],methods=[GET]}" onto public org.springframework.web.servlet.ModelAndView com.bitekeji.weixinsell.controller.SellerOrderController.cancel(java.lang.String,java.util.Map<java.lang.String, java.lang.Object>)
Mapped "{[/seller/order/detail],methods=[GET]}" onto public org.springframework.web.servlet.ModelAndView com.bitekeji.weixinsell.controller.SellerOrderController.detail(java.lang.String,java.util.Map<java.lang.String, java.lang.Object>)
Mapped "{[/seller/order/finish],methods=[GET]}" onto public org.springframework.web.servlet.ModelAndView com.bitekeji.weixinsell.controller.SellerOrderController.finish(java.lang.String,java.util.Map<java.lang.String, java.lang.Object>)
Mapped "{[/seller/product/index],methods=[GET]}" onto public org.springframework.web.servlet.ModelAndView com.bitekeji.weixinsell.controller.SellProductController.index(java.lang.String,java.util.Map<java.lang.String, java.lang.Object>)
Mapped "{[/seller/product/list],methods=[GET]}" onto public org.springframework.web.servlet.ModelAndView com.bitekeji.weixinsell.controller.SellProductController.list(java.lang.Integer,java.lang.Integer,java.util.Map<java.lang.String, java.lang.Object>)
Mapped "{[/seller/product/save],methods=[POST]}" onto public org.springframework.web.servlet.ModelAndView com.bitekeji.weixinsell.controller.SellProductController.save(com.bitekeji.weixinsell.form.ProductForm,org.springframework.validation.BindingResult,java.util.Map<java.lang.String, java.lang.Object>)
Mapped "{[/seller/product/offSale],methods=[GET]}" onto public org.springframework.web.servlet.ModelAndView com.bitekeji.weixinsell.controller.SellProductController.offSale(java.lang.String,java.util.Map<java.lang.String, java.lang.Object>)
Mapped "{[/seller/product/onSale],methods=[GET]}" onto public org.springframework.web.servlet.ModelAndView com.bitekeji.weixinsell.controller.SellProductController.onSale(java.lang.String,java.util.Map<java.lang.String, java.lang.Object>)
Mapped "{[/wechat/userInfo],methods=[GET]}" onto public java.lang.String com.bitekeji.weixinsell.controller.WechatController.userInfo(java.lang.String,java.lang.String)
Mapped "{[/wechat/authorize],methods=[GET]}" onto public java.lang.String com.bitekeji.weixinsell.controller.WechatController.authorize(java.lang.String)
Mapped "{[/weixin/auth],methods=[GET]}" onto public void com.bitekeji.weixinsell.controller.WeixinController.auth(java.lang.String)
Mapped "{[/error]}" onto public org.springframework.http.ResponseEntity<java.util.Map<java.lang.String, java.lang.Object>> org.springframework.boot.autoconfigure.web.servlet.error.BasicErrorController.error(javax.servlet.http.HttpServletRequest)
Mapped "{[/error],produces=[text/html]}" onto public org.springframework.web.servlet.ModelAndView org.springframework.boot.autoconfigure.web.servlet.error.BasicErrorController.errorHtml(javax.servlet.http.HttpServletRequest,javax.servlet.http.HttpServletResponse)
Mapped URL path [/webjars/**] onto handler of type [class org.springframework.web.servlet.resource.ResourceHttpRequestHandler]
Mapped URL path [/**] onto handler of type [class org.springframework.web.servlet.resource.ResourceHttpRequestHandler]
Adding welcome page: class path resource [static/index.html]
ClassTemplateLoader for Spring macros added to FreeMarker configuration
Registering beans for JMX exposure on startup
Bean with name 'dataSource' has been autodetected for JMX exposure
Located MBean 'dataSource': registering with JMX server as MBean [com.zaxxer.hikari:name=dataSource,type=HikariDataSource]
Starting ProtocolHandler ["http-nio-8080"]
Using a shared selector for servlet write/read
Tomcat started on port(s): 8080 (http) with context path '/sell'
Started WeixinsellApplication in 5.656 seconds (JVM running for 7.554)
Initializing Spring FrameworkServlet 'dispatcherServlet'
FrameworkServlet 'dispatcherServlet': initialization started
FrameworkServlet 'dispatcherServlet': initialization completed in 18 ms
HHH000397: Using ASTQueryTranslatorFactory
Starting WeixinsellApplication on LAPTOP-0ECG6CSM with PID 10888 (D:\programming\EE\target\classes started by 38134 in D:\programming\EE)
No active profile set, falling back to default profiles: default
Refreshing org.springframework.boot.web.servlet.context.AnnotationConfigServletWebServerApplicationContext@43b6123e: startup date [Fri Aug 24 12:28:28 CST 2018]; root of context hierarchy
Multiple Spring Data modules found, entering strict repository configuration mode!
Multiple Spring Data modules found, entering strict repository configuration mode!
Spring Data Redis - Could not safely identify store assignment for repository candidate interface com.bitekeji.weixinsell.repository.OrderDetailReposity.
Spring Data Redis - Could not safely identify store assignment for repository candidate interface com.bitekeji.weixinsell.repository.OrderMasterReposity.
Spring Data Redis - Could not safely identify store assignment for repository candidate interface com.bitekeji.weixinsell.repository.ProductCategoryReposity.
Spring Data Redis - Could not safely identify store assignment for repository candidate interface com.bitekeji.weixinsell.repository.ProductInfoReposity.
Spring Data Redis - Could not safely identify store assignment for repository candidate interface com.bitekeji.weixinsell.repository.SellerInfoReposity.
Bean 'org.springframework.transaction.annotation.ProxyTransactionManagementConfiguration' of type [org.springframework.transaction.annotation.ProxyTransactionManagementConfiguration$$EnhancerBySpringCGLIB$$9e53d863] is not eligible for getting processed by all BeanPostProcessors (for example: not eligible for auto-proxying)
Tomcat initialized with port(s): 8080 (http)
Initializing ProtocolHandler ["http-nio-8080"]
Starting service [Tomcat]
Starting Servlet Engine: Apache Tomcat/8.5.32
The APR based Apache Tomcat Native library which allows optimal performance in production environments was not found on the java.library.path: [D:\programming\jdk1.8\bin;C:\WINDOWS\Sun\Java\bin;C:\WINDOWS\system32;C:\WINDOWS;C:\ProgramData\Oracle\Java\javapath;C:\Program Files\MySQL\MySQL Server 5.7\bin;C:;D:\programming\jdk1.8\bin;D:\programming\jdk1.8\jre\bin; \ProgramData\Oracle\Java\javapath;C:\Program Files (x86)\Intel\iCLS Client\;C:\Program Files\Intel\iCLS Client\;C:\Windows\system32;C:\Windows;C:\Windows\System32\Wbem;C:\Windows\System32\WindowsPowerShell\v1.0\;C:\Program Files (x86)\Intel\Intel(R) Management Engine Components\DAL;C:\Program Files\Intel\Intel(R) Management Engine Components\DAL;C:\Program Files (x86)\Intel\Intel(R) Management Engine Components\IPT;C:\Program Files\Intel\Intel(R) Management Engine Components\IPT;C:\Program Files (x86)\NVIDIA Corporation\PhysX\Common;C:\Program Files\MySQL\MySQL Utilities 1.6\;D:\programming\apache-maven-3.5.2\bin;D:\Applications\Svn\bin;C:\Program Files\Git\cmd;C:\WINDOWS\system32;C:\WINDOWS;C:\WINDOWS\System32\Wbem;C:\WINDOWS\System32\WindowsPowerShell\v1.0\;C:\WINDOWS\System32\OpenSSH\;C:\Program Files\Intel\WiFi\bin\;C:\Program Files\Common Files\Intel\WirelessCommon\;C:\Program Files\nodejs\;D:\programming\Microsoft VS Code\bin;C:\Users\38134\AppData\Local\Microsoft\WindowsApps;C:\Users\38134\AppData\Local\GitHubDesktop\bin;D:\programming\Microsoft VS Code\bin;C:\Users\38134\AppData\Local\Microsoft\WindowsApps;C:\Users\38134\AppData\Roaming\npm;D:\programming\Fiddler;.]
Initializing Spring embedded WebApplicationContext
Root WebApplicationContext: initialization completed in 1419 ms
Servlet dispatcherServlet mapped to [/]
Mapping filter: 'characterEncodingFilter' to: [/*]
Mapping filter: 'hiddenHttpMethodFilter' to: [/*]
Mapping filter: 'httpPutFormContentFilter' to: [/*]
Mapping filter: 'requestContextFilter' to: [/*]
HikariPool-1 - Starting...
HikariPool-1 - Start completed.
Building JPA container EntityManagerFactory for persistence unit 'default'
HHH000204: Processing PersistenceUnitInfo [
	name: default
	...]
HHH000412: Hibernate Core {5.2.17.Final}
HHH000206: hibernate.properties not found
HCANN000001: Hibernate Commons Annotations {5.0.1.Final}
HHH000400: Using dialect: org.hibernate.dialect.MySQL5Dialect
Initialized JPA EntityManagerFactory for persistence unit 'default'
Mapped URL path [/**/favicon.ico] onto handler of type [class org.springframework.web.servlet.resource.ResourceHttpRequestHandler]
Looking for @ControllerAdvice: org.springframework.boot.web.servlet.context.AnnotationConfigServletWebServerApplicationContext@43b6123e: startup date [Fri Aug 24 12:28:28 CST 2018]; root of context hierarchy
Mapped "{[/buyer/order/create],methods=[POST]}" onto public com.bitekeji.weixinsell.VO.ResultVO<java.util.Map<java.lang.String, java.lang.String>> com.bitekeji.weixinsell.controller.BuyerOrderController.create(com.bitekeji.weixinsell.form.OrderForm,org.springframework.validation.BindingResult)
Mapped "{[/buyer/order/list],methods=[GET]}" onto public com.bitekeji.weixinsell.VO.ResultVO<java.util.List<com.bitekeji.weixinsell.dto.OrderDTO>> com.bitekeji.weixinsell.controller.BuyerOrderController.list(com.bitekeji.weixinsell.form.OrderListForm,org.springframework.validation.BindingResult)
Mapped "{[/buyer/order/detail],methods=[GET]}" onto public com.bitekeji.weixinsell.VO.ResultVO<com.bitekeji.weixinsell.dto.OrderDTO> com.bitekeji.weixinsell.controller.BuyerOrderController.detail(com.bitekeji.weixinsell.form.OrderDetailForm,org.springframework.validation.BindingResult)
Mapped "{[/buyer/order/cancle],methods=[GET]}" onto public com.bitekeji.weixinsell.VO.ResultVO<com.bitekeji.weixinsell.dto.OrderDTO> com.bitekeji.weixinsell.controller.BuyerOrderController.cancle(com.bitekeji.weixinsell.form.OrderDetailForm,org.springframework.validation.BindingResult)
Mapped "{[/buyer/product/list],methods=[GET]}" onto public com.bitekeji.weixinsell.VO.ResultVO com.bitekeji.weixinsell.controller.BuyerProductController.list()
Mapped "{[/seller/category/index],methods=[GET]}" onto public org.springframework.web.servlet.ModelAndView com.bitekeji.weixinsell.controller.SellerCategoryController.index(java.lang.Integer,java.util.Map<java.lang.String, java.lang.Object>)
Mapped "{[/seller/category/list],methods=[GET]}" onto public org.springframework.web.servlet.ModelAndView com.bitekeji.weixinsell.controller.SellerCategoryController.list(java.util.Map<java.lang.String, java.lang.Object>)
Mapped "{[/seller/category/save],methods=[POST]}" onto public org.springframework.web.servlet.ModelAndView com.bitekeji.weixinsell.controller.SellerCategoryController.save(com.bitekeji.weixinsell.form.CategoryForm,org.springframework.validation.BindingResult,java.util.Map<java.lang.String, java.lang.Object>)
Mapped "{[/seller/login]}" onto public java.lang.String com.bitekeji.weixinsell.controller.SellerLoginController.login(java.lang.String,java.lang.String,javax.servlet.http.HttpServletResponse)
Mapped "{[/seller/order/list],methods=[GET]}" onto public org.springframework.web.servlet.ModelAndView com.bitekeji.weixinsell.controller.SellerOrderController.list(java.lang.Integer,java.lang.Integer,java.util.Map<java.lang.String, java.lang.Object>)
Mapped "{[/seller/order/finish],methods=[GET]}" onto public org.springframework.web.servlet.ModelAndView com.bitekeji.weixinsell.controller.SellerOrderController.finish(java.lang.String,java.util.Map<java.lang.String, java.lang.Object>)
Mapped "{[/seller/order/cancel],methods=[GET]}" onto public org.springframework.web.servlet.ModelAndView com.bitekeji.weixinsell.controller.SellerOrderController.cancel(java.lang.String,java.util.Map<java.lang.String, java.lang.Object>)
Mapped "{[/seller/order/detail],methods=[GET]}" onto public org.springframework.web.servlet.ModelAndView com.bitekeji.weixinsell.controller.SellerOrderController.detail(java.lang.String,java.util.Map<java.lang.String, java.lang.Object>)
Mapped "{[/seller/product/index],methods=[GET]}" onto public org.springframework.web.servlet.ModelAndView com.bitekeji.weixinsell.controller.SellProductController.index(java.lang.String,java.util.Map<java.lang.String, java.lang.Object>)
Mapped "{[/seller/product/list],methods=[GET]}" onto public org.springframework.web.servlet.ModelAndView com.bitekeji.weixinsell.controller.SellProductController.list(java.lang.Integer,java.lang.Integer,java.util.Map<java.lang.String, java.lang.Object>)
Mapped "{[/seller/product/save],methods=[POST]}" onto public org.springframework.web.servlet.ModelAndView com.bitekeji.weixinsell.controller.SellProductController.save(com.bitekeji.weixinsell.form.ProductForm,org.springframework.validation.BindingResult,java.util.Map<java.lang.String, java.lang.Object>)
Mapped "{[/seller/product/offSale],methods=[GET]}" onto public org.springframework.web.servlet.ModelAndView com.bitekeji.weixinsell.controller.SellProductController.offSale(java.lang.String,java.util.Map<java.lang.String, java.lang.Object>)
Mapped "{[/seller/product/onSale],methods=[GET]}" onto public org.springframework.web.servlet.ModelAndView com.bitekeji.weixinsell.controller.SellProductController.onSale(java.lang.String,java.util.Map<java.lang.String, java.lang.Object>)
Mapped "{[/wechat/userInfo],methods=[GET]}" onto public java.lang.String com.bitekeji.weixinsell.controller.WechatController.userInfo(java.lang.String,java.lang.String)
Mapped "{[/wechat/authorize],methods=[GET]}" onto public java.lang.String com.bitekeji.weixinsell.controller.WechatController.authorize(java.lang.String)
Mapped "{[/weixin/auth],methods=[GET]}" onto public void com.bitekeji.weixinsell.controller.WeixinController.auth(java.lang.String)
Mapped "{[/error]}" onto public org.springframework.http.ResponseEntity<java.util.Map<java.lang.String, java.lang.Object>> org.springframework.boot.autoconfigure.web.servlet.error.BasicErrorController.error(javax.servlet.http.HttpServletRequest)
Mapped "{[/error],produces=[text/html]}" onto public org.springframework.web.servlet.ModelAndView org.springframework.boot.autoconfigure.web.servlet.error.BasicErrorController.errorHtml(javax.servlet.http.HttpServletRequest,javax.servlet.http.HttpServletResponse)
Mapped URL path [/webjars/**] onto handler of type [class org.springframework.web.servlet.resource.ResourceHttpRequestHandler]
Mapped URL path [/**] onto handler of type [class org.springframework.web.servlet.resource.ResourceHttpRequestHandler]
Adding welcome page: class path resource [static/index.html]
ClassTemplateLoader for Spring macros added to FreeMarker configuration
Registering beans for JMX exposure on startup
Bean with name 'dataSource' has been autodetected for JMX exposure
Located MBean 'dataSource': registering with JMX server as MBean [com.zaxxer.hikari:name=dataSource,type=HikariDataSource]
Starting ProtocolHandler ["http-nio-8080"]
Using a shared selector for servlet write/read
Tomcat started on port(s): 8080 (http) with context path '/sell'
Started WeixinsellApplication in 4.978 seconds (JVM running for 5.891)
Initializing Spring FrameworkServlet 'dispatcherServlet'
FrameworkServlet 'dispatcherServlet': initialization started
FrameworkServlet 'dispatcherServlet': initialization completed in 19 ms
HHH000397: Using ASTQueryTranslatorFactory
HikariPool-1 - Thread starvation or clock leap detected (housekeeper delta=8m51s426ms516µs769ns).
Starting WeixinsellApplication on LAPTOP-0ECG6CSM with PID 9976 (D:\programming\EE\target\classes started by 38134 in D:\programming\EE)
No active profile set, falling back to default profiles: default
Refreshing org.springframework.boot.web.servlet.context.AnnotationConfigServletWebServerApplicationContext@5e1fa5b1: startup date [Fri Aug 24 13:17:07 CST 2018]; root of context hierarchy
Multiple Spring Data modules found, entering strict repository configuration mode!
Multiple Spring Data modules found, entering strict repository configuration mode!
Spring Data Redis - Could not safely identify store assignment for repository candidate interface com.bitekeji.weixinsell.repository.OrderDetailReposity.
Spring Data Redis - Could not safely identify store assignment for repository candidate interface com.bitekeji.weixinsell.repository.OrderMasterReposity.
Spring Data Redis - Could not safely identify store assignment for repository candidate interface com.bitekeji.weixinsell.repository.ProductCategoryReposity.
Spring Data Redis - Could not safely identify store assignment for repository candidate interface com.bitekeji.weixinsell.repository.ProductInfoReposity.
Spring Data Redis - Could not safely identify store assignment for repository candidate interface com.bitekeji.weixinsell.repository.SellerInfoReposity.
Bean 'org.springframework.transaction.annotation.ProxyTransactionManagementConfiguration' of type [org.springframework.transaction.annotation.ProxyTransactionManagementConfiguration$$EnhancerBySpringCGLIB$$a41b4923] is not eligible for getting processed by all BeanPostProcessors (for example: not eligible for auto-proxying)
Tomcat initialized with port(s): 8080 (http)
Initializing ProtocolHandler ["http-nio-8080"]
Starting service [Tomcat]
Starting Servlet Engine: Apache Tomcat/8.5.32
The APR based Apache Tomcat Native library which allows optimal performance in production environments was not found on the java.library.path: [D:\programming\jdk1.8\bin;C:\WINDOWS\Sun\Java\bin;C:\WINDOWS\system32;C:\WINDOWS;C:\ProgramData\Oracle\Java\javapath;C:\Program Files\MySQL\MySQL Server 5.7\bin;C:;D:\programming\jdk1.8\bin;D:\programming\jdk1.8\jre\bin; \ProgramData\Oracle\Java\javapath;C:\Program Files (x86)\Intel\iCLS Client\;C:\Program Files\Intel\iCLS Client\;C:\Windows\system32;C:\Windows;C:\Windows\System32\Wbem;C:\Windows\System32\WindowsPowerShell\v1.0\;C:\Program Files (x86)\Intel\Intel(R) Management Engine Components\DAL;C:\Program Files\Intel\Intel(R) Management Engine Components\DAL;C:\Program Files (x86)\Intel\Intel(R) Management Engine Components\IPT;C:\Program Files\Intel\Intel(R) Management Engine Components\IPT;C:\Program Files (x86)\NVIDIA Corporation\PhysX\Common;C:\Program Files\MySQL\MySQL Utilities 1.6\;D:\programming\apache-maven-3.5.2\bin;D:\Applications\Svn\bin;C:\Program Files\Git\cmd;C:\WINDOWS\system32;C:\WINDOWS;C:\WINDOWS\System32\Wbem;C:\WINDOWS\System32\WindowsPowerShell\v1.0\;C:\WINDOWS\System32\OpenSSH\;C:\Program Files\Intel\WiFi\bin\;C:\Program Files\Common Files\Intel\WirelessCommon\;C:\Program Files\nodejs\;D:\programming\Microsoft VS Code\bin;C:\Users\38134\AppData\Local\Microsoft\WindowsApps;C:\Users\38134\AppData\Local\GitHubDesktop\bin;D:\programming\Microsoft VS Code\bin;C:\Users\38134\AppData\Local\Microsoft\WindowsApps;C:\Users\38134\AppData\Roaming\npm;D:\programming\Fiddler;.]
Initializing Spring embedded WebApplicationContext
Root WebApplicationContext: initialization completed in 1414 ms
Servlet dispatcherServlet mapped to [/]
Mapping filter: 'characterEncodingFilter' to: [/*]
Mapping filter: 'hiddenHttpMethodFilter' to: [/*]
Mapping filter: 'httpPutFormContentFilter' to: [/*]
Mapping filter: 'requestContextFilter' to: [/*]
HikariPool-1 - Starting...
HikariPool-1 - Start completed.
Building JPA container EntityManagerFactory for persistence unit 'default'
HHH000204: Processing PersistenceUnitInfo [
	name: default
	...]
HHH000412: Hibernate Core {5.2.17.Final}
HHH000206: hibernate.properties not found
HCANN000001: Hibernate Commons Annotations {5.0.1.Final}
HHH000400: Using dialect: org.hibernate.dialect.MySQL5Dialect
Initialized JPA EntityManagerFactory for persistence unit 'default'
Mapped URL path [/**/favicon.ico] onto handler of type [class org.springframework.web.servlet.resource.ResourceHttpRequestHandler]
Looking for @ControllerAdvice: org.springframework.boot.web.servlet.context.AnnotationConfigServletWebServerApplicationContext@5e1fa5b1: startup date [Fri Aug 24 13:17:07 CST 2018]; root of context hierarchy
Mapped "{[/buyer/order/create],methods=[POST]}" onto public com.bitekeji.weixinsell.VO.ResultVO<java.util.Map<java.lang.String, java.lang.String>> com.bitekeji.weixinsell.controller.BuyerOrderController.create(com.bitekeji.weixinsell.form.OrderForm,org.springframework.validation.BindingResult)
Mapped "{[/buyer/order/list],methods=[GET]}" onto public com.bitekeji.weixinsell.VO.ResultVO<java.util.List<com.bitekeji.weixinsell.dto.OrderDTO>> com.bitekeji.weixinsell.controller.BuyerOrderController.list(com.bitekeji.weixinsell.form.OrderListForm,org.springframework.validation.BindingResult)
Mapped "{[/buyer/order/detail],methods=[GET]}" onto public com.bitekeji.weixinsell.VO.ResultVO<com.bitekeji.weixinsell.dto.OrderDTO> com.bitekeji.weixinsell.controller.BuyerOrderController.detail(com.bitekeji.weixinsell.form.OrderDetailForm,org.springframework.validation.BindingResult)
Mapped "{[/buyer/order/cancle],methods=[GET]}" onto public com.bitekeji.weixinsell.VO.ResultVO<com.bitekeji.weixinsell.dto.OrderDTO> com.bitekeji.weixinsell.controller.BuyerOrderController.cancle(com.bitekeji.weixinsell.form.OrderDetailForm,org.springframework.validation.BindingResult)
Mapped "{[/buyer/product/list],methods=[GET]}" onto public com.bitekeji.weixinsell.VO.ResultVO com.bitekeji.weixinsell.controller.BuyerProductController.list()
Mapped "{[/seller/category/index],methods=[GET]}" onto public org.springframework.web.servlet.ModelAndView com.bitekeji.weixinsell.controller.SellerCategoryController.index(java.lang.Integer,java.util.Map<java.lang.String, java.lang.Object>)
Mapped "{[/seller/category/list],methods=[GET]}" onto public org.springframework.web.servlet.ModelAndView com.bitekeji.weixinsell.controller.SellerCategoryController.list(java.util.Map<java.lang.String, java.lang.Object>)
Mapped "{[/seller/category/save],methods=[POST]}" onto public org.springframework.web.servlet.ModelAndView com.bitekeji.weixinsell.controller.SellerCategoryController.save(com.bitekeji.weixinsell.form.CategoryForm,org.springframework.validation.BindingResult,java.util.Map<java.lang.String, java.lang.Object>)
Mapped "{[/seller/login]}" onto public java.lang.String com.bitekeji.weixinsell.controller.SellerLoginController.login(java.lang.String,java.lang.String,javax.servlet.http.HttpServletResponse)
Mapped "{[/seller/order/list],methods=[GET]}" onto public org.springframework.web.servlet.ModelAndView com.bitekeji.weixinsell.controller.SellerOrderController.list(java.lang.Integer,java.lang.Integer,java.util.Map<java.lang.String, java.lang.Object>)
Mapped "{[/seller/order/cancel],methods=[GET]}" onto public org.springframework.web.servlet.ModelAndView com.bitekeji.weixinsell.controller.SellerOrderController.cancel(java.lang.String,java.util.Map<java.lang.String, java.lang.Object>)
Mapped "{[/seller/order/detail],methods=[GET]}" onto public org.springframework.web.servlet.ModelAndView com.bitekeji.weixinsell.controller.SellerOrderController.detail(java.lang.String,java.util.Map<java.lang.String, java.lang.Object>)
Mapped "{[/seller/order/finish],methods=[GET]}" onto public org.springframework.web.servlet.ModelAndView com.bitekeji.weixinsell.controller.SellerOrderController.finish(java.lang.String,java.util.Map<java.lang.String, java.lang.Object>)
Mapped "{[/seller/product/index],methods=[GET]}" onto public org.springframework.web.servlet.ModelAndView com.bitekeji.weixinsell.controller.SellProductController.index(java.lang.String,java.util.Map<java.lang.String, java.lang.Object>)
Mapped "{[/seller/product/list],methods=[GET]}" onto public org.springframework.web.servlet.ModelAndView com.bitekeji.weixinsell.controller.SellProductController.list(java.lang.Integer,java.lang.Integer,java.util.Map<java.lang.String, java.lang.Object>)
Mapped "{[/seller/product/save],methods=[POST]}" onto public org.springframework.web.servlet.ModelAndView com.bitekeji.weixinsell.controller.SellProductController.save(com.bitekeji.weixinsell.form.ProductForm,org.springframework.validation.BindingResult,java.util.Map<java.lang.String, java.lang.Object>)
Mapped "{[/seller/product/offSale],methods=[GET]}" onto public org.springframework.web.servlet.ModelAndView com.bitekeji.weixinsell.controller.SellProductController.offSale(java.lang.String,java.util.Map<java.lang.String, java.lang.Object>)
Mapped "{[/seller/product/onSale],methods=[GET]}" onto public org.springframework.web.servlet.ModelAndView com.bitekeji.weixinsell.controller.SellProductController.onSale(java.lang.String,java.util.Map<java.lang.String, java.lang.Object>)
Mapped "{[/wechat/userInfo],methods=[GET]}" onto public java.lang.String com.bitekeji.weixinsell.controller.WechatController.userInfo(java.lang.String,java.lang.String)
Mapped "{[/wechat/authorize],methods=[GET]}" onto public java.lang.String com.bitekeji.weixinsell.controller.WechatController.authorize(java.lang.String)
Mapped "{[/weixin/auth],methods=[GET]}" onto public void com.bitekeji.weixinsell.controller.WeixinController.auth(java.lang.String)
Mapped "{[/error]}" onto public org.springframework.http.ResponseEntity<java.util.Map<java.lang.String, java.lang.Object>> org.springframework.boot.autoconfigure.web.servlet.error.BasicErrorController.error(javax.servlet.http.HttpServletRequest)
Mapped "{[/error],produces=[text/html]}" onto public org.springframework.web.servlet.ModelAndView org.springframework.boot.autoconfigure.web.servlet.error.BasicErrorController.errorHtml(javax.servlet.http.HttpServletRequest,javax.servlet.http.HttpServletResponse)
Mapped URL path [/webjars/**] onto handler of type [class org.springframework.web.servlet.resource.ResourceHttpRequestHandler]
Mapped URL path [/**] onto handler of type [class org.springframework.web.servlet.resource.ResourceHttpRequestHandler]
Adding welcome page: class path resource [static/index.html]
ClassTemplateLoader for Spring macros added to FreeMarker configuration
Registering beans for JMX exposure on startup
Bean with name 'dataSource' has been autodetected for JMX exposure
Located MBean 'dataSource': registering with JMX server as MBean [com.zaxxer.hikari:name=dataSource,type=HikariDataSource]
Starting ProtocolHandler ["http-nio-8080"]
Using a shared selector for servlet write/read
Tomcat started on port(s): 8080 (http) with context path '/sell'
Started WeixinsellApplication in 4.985 seconds (JVM running for 5.918)
Initializing Spring FrameworkServlet 'dispatcherServlet'
FrameworkServlet 'dispatcherServlet': initialization started
FrameworkServlet 'dispatcherServlet': initialization completed in 19 ms
HHH000397: Using ASTQueryTranslatorFactory
找到指定用户
Starting WeixinsellApplication on LAPTOP-0ECG6CSM with PID 9636 (D:\programming\EE\target\classes started by 38134 in D:\programming\EE)
No active profile set, falling back to default profiles: default
Refreshing org.springframework.boot.web.servlet.context.AnnotationConfigServletWebServerApplicationContext@5e1fa5b1: startup date [Fri Aug 24 13:20:13 CST 2018]; root of context hierarchy
Multiple Spring Data modules found, entering strict repository configuration mode!
Multiple Spring Data modules found, entering strict repository configuration mode!
Spring Data Redis - Could not safely identify store assignment for repository candidate interface com.bitekeji.weixinsell.repository.OrderDetailReposity.
Spring Data Redis - Could not safely identify store assignment for repository candidate interface com.bitekeji.weixinsell.repository.OrderMasterReposity.
Spring Data Redis - Could not safely identify store assignment for repository candidate interface com.bitekeji.weixinsell.repository.ProductCategoryReposity.
Spring Data Redis - Could not safely identify store assignment for repository candidate interface com.bitekeji.weixinsell.repository.ProductInfoReposity.
Spring Data Redis - Could not safely identify store assignment for repository candidate interface com.bitekeji.weixinsell.repository.SellerInfoReposity.
Bean 'org.springframework.transaction.annotation.ProxyTransactionManagementConfiguration' of type [org.springframework.transaction.annotation.ProxyTransactionManagementConfiguration$$EnhancerBySpringCGLIB$$8c36ffe5] is not eligible for getting processed by all BeanPostProcessors (for example: not eligible for auto-proxying)
Tomcat initialized with port(s): 8080 (http)
Initializing ProtocolHandler ["http-nio-8080"]
Starting service [Tomcat]
Starting Servlet Engine: Apache Tomcat/8.5.32
The APR based Apache Tomcat Native library which allows optimal performance in production environments was not found on the java.library.path: [D:\programming\jdk1.8\bin;C:\WINDOWS\Sun\Java\bin;C:\WINDOWS\system32;C:\WINDOWS;C:\ProgramData\Oracle\Java\javapath;C:\Program Files\MySQL\MySQL Server 5.7\bin;C:;D:\programming\jdk1.8\bin;D:\programming\jdk1.8\jre\bin; \ProgramData\Oracle\Java\javapath;C:\Program Files (x86)\Intel\iCLS Client\;C:\Program Files\Intel\iCLS Client\;C:\Windows\system32;C:\Windows;C:\Windows\System32\Wbem;C:\Windows\System32\WindowsPowerShell\v1.0\;C:\Program Files (x86)\Intel\Intel(R) Management Engine Components\DAL;C:\Program Files\Intel\Intel(R) Management Engine Components\DAL;C:\Program Files (x86)\Intel\Intel(R) Management Engine Components\IPT;C:\Program Files\Intel\Intel(R) Management Engine Components\IPT;C:\Program Files (x86)\NVIDIA Corporation\PhysX\Common;C:\Program Files\MySQL\MySQL Utilities 1.6\;D:\programming\apache-maven-3.5.2\bin;D:\Applications\Svn\bin;C:\Program Files\Git\cmd;C:\WINDOWS\system32;C:\WINDOWS;C:\WINDOWS\System32\Wbem;C:\WINDOWS\System32\WindowsPowerShell\v1.0\;C:\WINDOWS\System32\OpenSSH\;C:\Program Files\Intel\WiFi\bin\;C:\Program Files\Common Files\Intel\WirelessCommon\;C:\Program Files\nodejs\;D:\programming\Microsoft VS Code\bin;C:\Users\38134\AppData\Local\Microsoft\WindowsApps;C:\Users\38134\AppData\Local\GitHubDesktop\bin;D:\programming\Microsoft VS Code\bin;C:\Users\38134\AppData\Local\Microsoft\WindowsApps;C:\Users\38134\AppData\Roaming\npm;D:\programming\Fiddler;.]
Initializing Spring embedded WebApplicationContext
Root WebApplicationContext: initialization completed in 1379 ms
Servlet dispatcherServlet mapped to [/]
Mapping filter: 'characterEncodingFilter' to: [/*]
Mapping filter: 'hiddenHttpMethodFilter' to: [/*]
Mapping filter: 'httpPutFormContentFilter' to: [/*]
Mapping filter: 'requestContextFilter' to: [/*]
HikariPool-1 - Starting...
HikariPool-1 - Start completed.
Building JPA container EntityManagerFactory for persistence unit 'default'
HHH000204: Processing PersistenceUnitInfo [
	name: default
	...]
HHH000412: Hibernate Core {5.2.17.Final}
HHH000206: hibernate.properties not found
HCANN000001: Hibernate Commons Annotations {5.0.1.Final}
HHH000400: Using dialect: org.hibernate.dialect.MySQL5Dialect
Initialized JPA EntityManagerFactory for persistence unit 'default'
Mapped URL path [/**/favicon.ico] onto handler of type [class org.springframework.web.servlet.resource.ResourceHttpRequestHandler]
Looking for @ControllerAdvice: org.springframework.boot.web.servlet.context.AnnotationConfigServletWebServerApplicationContext@5e1fa5b1: startup date [Fri Aug 24 13:20:13 CST 2018]; root of context hierarchy
Mapped "{[/buyer/order/create],methods=[POST]}" onto public com.bitekeji.weixinsell.VO.ResultVO<java.util.Map<java.lang.String, java.lang.String>> com.bitekeji.weixinsell.controller.BuyerOrderController.create(com.bitekeji.weixinsell.form.OrderForm,org.springframework.validation.BindingResult)
Mapped "{[/buyer/order/list],methods=[GET]}" onto public com.bitekeji.weixinsell.VO.ResultVO<java.util.List<com.bitekeji.weixinsell.dto.OrderDTO>> com.bitekeji.weixinsell.controller.BuyerOrderController.list(com.bitekeji.weixinsell.form.OrderListForm,org.springframework.validation.BindingResult)
Mapped "{[/buyer/order/detail],methods=[GET]}" onto public com.bitekeji.weixinsell.VO.ResultVO<com.bitekeji.weixinsell.dto.OrderDTO> com.bitekeji.weixinsell.controller.BuyerOrderController.detail(com.bitekeji.weixinsell.form.OrderDetailForm,org.springframework.validation.BindingResult)
Mapped "{[/buyer/order/cancle],methods=[GET]}" onto public com.bitekeji.weixinsell.VO.ResultVO<com.bitekeji.weixinsell.dto.OrderDTO> com.bitekeji.weixinsell.controller.BuyerOrderController.cancle(com.bitekeji.weixinsell.form.OrderDetailForm,org.springframework.validation.BindingResult)
Mapped "{[/buyer/product/list],methods=[GET]}" onto public com.bitekeji.weixinsell.VO.ResultVO com.bitekeji.weixinsell.controller.BuyerProductController.list()
Mapped "{[/seller/category/index],methods=[GET]}" onto public org.springframework.web.servlet.ModelAndView com.bitekeji.weixinsell.controller.SellerCategoryController.index(java.lang.Integer,java.util.Map<java.lang.String, java.lang.Object>)
Mapped "{[/seller/category/list],methods=[GET]}" onto public org.springframework.web.servlet.ModelAndView com.bitekeji.weixinsell.controller.SellerCategoryController.list(java.util.Map<java.lang.String, java.lang.Object>)
Mapped "{[/seller/category/save],methods=[POST]}" onto public org.springframework.web.servlet.ModelAndView com.bitekeji.weixinsell.controller.SellerCategoryController.save(com.bitekeji.weixinsell.form.CategoryForm,org.springframework.validation.BindingResult,java.util.Map<java.lang.String, java.lang.Object>)
Mapped "{[/seller/login]}" onto public java.lang.String com.bitekeji.weixinsell.controller.SellerLoginController.login(java.lang.String,java.lang.String,javax.servlet.http.HttpServletResponse)
Mapped "{[/seller/order/list],methods=[GET]}" onto public org.springframework.web.servlet.ModelAndView com.bitekeji.weixinsell.controller.SellerOrderController.list(java.lang.Integer,java.lang.Integer,java.util.Map<java.lang.String, java.lang.Object>)
Mapped "{[/seller/order/cancel],methods=[GET]}" onto public org.springframework.web.servlet.ModelAndView com.bitekeji.weixinsell.controller.SellerOrderController.cancel(java.lang.String,java.util.Map<java.lang.String, java.lang.Object>)
Mapped "{[/seller/order/detail],methods=[GET]}" onto public org.springframework.web.servlet.ModelAndView com.bitekeji.weixinsell.controller.SellerOrderController.detail(java.lang.String,java.util.Map<java.lang.String, java.lang.Object>)
Mapped "{[/seller/order/finish],methods=[GET]}" onto public org.springframework.web.servlet.ModelAndView com.bitekeji.weixinsell.controller.SellerOrderController.finish(java.lang.String,java.util.Map<java.lang.String, java.lang.Object>)
Mapped "{[/seller/product/index],methods=[GET]}" onto public org.springframework.web.servlet.ModelAndView com.bitekeji.weixinsell.controller.SellProductController.index(java.lang.String,java.util.Map<java.lang.String, java.lang.Object>)
Mapped "{[/seller/product/list],methods=[GET]}" onto public org.springframework.web.servlet.ModelAndView com.bitekeji.weixinsell.controller.SellProductController.list(java.lang.Integer,java.lang.Integer,java.util.Map<java.lang.String, java.lang.Object>)
Mapped "{[/seller/product/save],methods=[POST]}" onto public org.springframework.web.servlet.ModelAndView com.bitekeji.weixinsell.controller.SellProductController.save(com.bitekeji.weixinsell.form.ProductForm,org.springframework.validation.BindingResult,java.util.Map<java.lang.String, java.lang.Object>)
Mapped "{[/seller/product/offSale],methods=[GET]}" onto public org.springframework.web.servlet.ModelAndView com.bitekeji.weixinsell.controller.SellProductController.offSale(java.lang.String,java.util.Map<java.lang.String, java.lang.Object>)
Mapped "{[/seller/product/onSale],methods=[GET]}" onto public org.springframework.web.servlet.ModelAndView com.bitekeji.weixinsell.controller.SellProductController.onSale(java.lang.String,java.util.Map<java.lang.String, java.lang.Object>)
Mapped "{[/wechat/userInfo],methods=[GET]}" onto public java.lang.String com.bitekeji.weixinsell.controller.WechatController.userInfo(java.lang.String,java.lang.String)
Mapped "{[/wechat/authorize],methods=[GET]}" onto public java.lang.String com.bitekeji.weixinsell.controller.WechatController.authorize(java.lang.String)
Mapped "{[/weixin/auth],methods=[GET]}" onto public void com.bitekeji.weixinsell.controller.WeixinController.auth(java.lang.String)
Mapped "{[/error]}" onto public org.springframework.http.ResponseEntity<java.util.Map<java.lang.String, java.lang.Object>> org.springframework.boot.autoconfigure.web.servlet.error.BasicErrorController.error(javax.servlet.http.HttpServletRequest)
Mapped "{[/error],produces=[text/html]}" onto public org.springframework.web.servlet.ModelAndView org.springframework.boot.autoconfigure.web.servlet.error.BasicErrorController.errorHtml(javax.servlet.http.HttpServletRequest,javax.servlet.http.HttpServletResponse)
Mapped URL path [/webjars/**] onto handler of type [class org.springframework.web.servlet.resource.ResourceHttpRequestHandler]
Mapped URL path [/**] onto handler of type [class org.springframework.web.servlet.resource.ResourceHttpRequestHandler]
Adding welcome page: class path resource [static/index.html]
ClassTemplateLoader for Spring macros added to FreeMarker configuration
Registering beans for JMX exposure on startup
Bean with name 'dataSource' has been autodetected for JMX exposure
Located MBean 'dataSource': registering with JMX server as MBean [com.zaxxer.hikari:name=dataSource,type=HikariDataSource]
Starting ProtocolHandler ["http-nio-8080"]
Using a shared selector for servlet write/read
Tomcat started on port(s): 8080 (http) with context path '/sell'
Started WeixinsellApplication in 4.765 seconds (JVM running for 5.685)
Initializing Spring FrameworkServlet 'dispatcherServlet'
FrameworkServlet 'dispatcherServlet': initialization started
FrameworkServlet 'dispatcherServlet': initialization completed in 19 ms
HHH000397: Using ASTQueryTranslatorFactory
找到指定用户
Starting without optional epoll library
Starting without optional kqueue library
找到指定用户
Starting WeixinsellApplication on LAPTOP-0ECG6CSM with PID 5676 (D:\programming\EE\target\classes started by 38134 in D:\programming\EE)
No active profile set, falling back to default profiles: default
Refreshing org.springframework.boot.web.servlet.context.AnnotationConfigServletWebServerApplicationContext@4b45dcb8: startup date [Fri Aug 24 16:01:54 CST 2018]; root of context hierarchy
Multiple Spring Data modules found, entering strict repository configuration mode!
Multiple Spring Data modules found, entering strict repository configuration mode!
Spring Data Redis - Could not safely identify store assignment for repository candidate interface com.bitekeji.weixinsell.repository.OrderDetailReposity.
Spring Data Redis - Could not safely identify store assignment for repository candidate interface com.bitekeji.weixinsell.repository.OrderMasterReposity.
Spring Data Redis - Could not safely identify store assignment for repository candidate interface com.bitekeji.weixinsell.repository.ProductCategoryReposity.
Spring Data Redis - Could not safely identify store assignment for repository candidate interface com.bitekeji.weixinsell.repository.ProductInfoReposity.
Spring Data Redis - Could not safely identify store assignment for repository candidate interface com.bitekeji.weixinsell.repository.SellerInfoReposity.
Bean 'org.springframework.transaction.annotation.ProxyTransactionManagementConfiguration' of type [org.springframework.transaction.annotation.ProxyTransactionManagementConfiguration$$EnhancerBySpringCGLIB$$5ce9cc07] is not eligible for getting processed by all BeanPostProcessors (for example: not eligible for auto-proxying)
Tomcat initialized with port(s): 8080 (http)
Initializing ProtocolHandler ["http-nio-8080"]
Starting service [Tomcat]
Starting Servlet Engine: Apache Tomcat/8.5.32
The APR based Apache Tomcat Native library which allows optimal performance in production environments was not found on the java.library.path: [D:\programming\jdk1.8\bin;C:\WINDOWS\Sun\Java\bin;C:\WINDOWS\system32;C:\WINDOWS;C:\ProgramData\Oracle\Java\javapath;C:\Program Files\MySQL\MySQL Server 5.7\bin;C:;D:\programming\jdk1.8\bin;D:\programming\jdk1.8\jre\bin; \ProgramData\Oracle\Java\javapath;C:\Program Files (x86)\Intel\iCLS Client\;C:\Program Files\Intel\iCLS Client\;C:\Windows\system32;C:\Windows;C:\Windows\System32\Wbem;C:\Windows\System32\WindowsPowerShell\v1.0\;C:\Program Files (x86)\Intel\Intel(R) Management Engine Components\DAL;C:\Program Files\Intel\Intel(R) Management Engine Components\DAL;C:\Program Files (x86)\Intel\Intel(R) Management Engine Components\IPT;C:\Program Files\Intel\Intel(R) Management Engine Components\IPT;C:\Program Files (x86)\NVIDIA Corporation\PhysX\Common;C:\Program Files\MySQL\MySQL Utilities 1.6\;D:\programming\apache-maven-3.5.2\bin;D:\Applications\Svn\bin;C:\Program Files\Git\cmd;C:\WINDOWS\system32;C:\WINDOWS;C:\WINDOWS\System32\Wbem;C:\WINDOWS\System32\WindowsPowerShell\v1.0\;C:\WINDOWS\System32\OpenSSH\;C:\Program Files\Intel\WiFi\bin\;C:\Program Files\Common Files\Intel\WirelessCommon\;C:\Program Files\nodejs\;D:\programming\Microsoft VS Code\bin;C:\Users\38134\AppData\Local\Microsoft\WindowsApps;C:\Users\38134\AppData\Local\GitHubDesktop\bin;D:\programming\Microsoft VS Code\bin;C:\Users\38134\AppData\Local\Microsoft\WindowsApps;C:\Users\38134\AppData\Roaming\npm;D:\programming\Fiddler;.]
Initializing Spring embedded WebApplicationContext
Root WebApplicationContext: initialization completed in 1533 ms
Servlet dispatcherServlet mapped to [/]
Mapping filter: 'characterEncodingFilter' to: [/*]
Mapping filter: 'hiddenHttpMethodFilter' to: [/*]
Mapping filter: 'httpPutFormContentFilter' to: [/*]
Mapping filter: 'requestContextFilter' to: [/*]
HikariPool-1 - Starting...
HikariPool-1 - Start completed.
Building JPA container EntityManagerFactory for persistence unit 'default'
HHH000204: Processing PersistenceUnitInfo [
	name: default
	...]
HHH000412: Hibernate Core {5.2.17.Final}
HHH000206: hibernate.properties not found
HCANN000001: Hibernate Commons Annotations {5.0.1.Final}
HHH000400: Using dialect: org.hibernate.dialect.MySQL5Dialect
Initialized JPA EntityManagerFactory for persistence unit 'default'
Mapped URL path [/**/favicon.ico] onto handler of type [class org.springframework.web.servlet.resource.ResourceHttpRequestHandler]
Looking for @ControllerAdvice: org.springframework.boot.web.servlet.context.AnnotationConfigServletWebServerApplicationContext@4b45dcb8: startup date [Fri Aug 24 16:01:54 CST 2018]; root of context hierarchy
Mapped "{[/buyer/order/create],methods=[POST]}" onto public com.bitekeji.weixinsell.VO.ResultVO<java.util.Map<java.lang.String, java.lang.String>> com.bitekeji.weixinsell.controller.BuyerOrderController.create(com.bitekeji.weixinsell.form.OrderForm,org.springframework.validation.BindingResult)
Mapped "{[/buyer/order/list],methods=[GET]}" onto public com.bitekeji.weixinsell.VO.ResultVO<java.util.List<com.bitekeji.weixinsell.dto.OrderDTO>> com.bitekeji.weixinsell.controller.BuyerOrderController.list(com.bitekeji.weixinsell.form.OrderListForm,org.springframework.validation.BindingResult)
Mapped "{[/buyer/order/detail],methods=[GET]}" onto public com.bitekeji.weixinsell.VO.ResultVO<com.bitekeji.weixinsell.dto.OrderDTO> com.bitekeji.weixinsell.controller.BuyerOrderController.detail(com.bitekeji.weixinsell.form.OrderDetailForm,org.springframework.validation.BindingResult)
Mapped "{[/buyer/order/cancle],methods=[GET]}" onto public com.bitekeji.weixinsell.VO.ResultVO<com.bitekeji.weixinsell.dto.OrderDTO> com.bitekeji.weixinsell.controller.BuyerOrderController.cancle(com.bitekeji.weixinsell.form.OrderDetailForm,org.springframework.validation.BindingResult)
Mapped "{[/buyer/product/list],methods=[GET]}" onto public com.bitekeji.weixinsell.VO.ResultVO com.bitekeji.weixinsell.controller.BuyerProductController.list()
Mapped "{[/seller/category/index],methods=[GET]}" onto public org.springframework.web.servlet.ModelAndView com.bitekeji.weixinsell.controller.SellerCategoryController.index(java.lang.Integer,java.util.Map<java.lang.String, java.lang.Object>)
Mapped "{[/seller/category/list],methods=[GET]}" onto public org.springframework.web.servlet.ModelAndView com.bitekeji.weixinsell.controller.SellerCategoryController.list(java.util.Map<java.lang.String, java.lang.Object>)
Mapped "{[/seller/category/save],methods=[POST]}" onto public org.springframework.web.servlet.ModelAndView com.bitekeji.weixinsell.controller.SellerCategoryController.save(com.bitekeji.weixinsell.form.CategoryForm,org.springframework.validation.BindingResult,java.util.Map<java.lang.String, java.lang.Object>)
Mapped "{[/seller/login]}" onto public java.lang.String com.bitekeji.weixinsell.controller.SellerLoginController.login(java.lang.String,java.lang.String,javax.servlet.http.HttpServletResponse)
Mapped "{[/seller/order/list],methods=[GET]}" onto public org.springframework.web.servlet.ModelAndView com.bitekeji.weixinsell.controller.SellerOrderController.list(java.lang.Integer,java.lang.Integer,java.util.Map<java.lang.String, java.lang.Object>)
Mapped "{[/seller/order/finish],methods=[GET]}" onto public org.springframework.web.servlet.ModelAndView com.bitekeji.weixinsell.controller.SellerOrderController.finish(java.lang.String,java.util.Map<java.lang.String, java.lang.Object>)
Mapped "{[/seller/order/cancel],methods=[GET]}" onto public org.springframework.web.servlet.ModelAndView com.bitekeji.weixinsell.controller.SellerOrderController.cancel(java.lang.String,java.util.Map<java.lang.String, java.lang.Object>)
Mapped "{[/seller/order/detail],methods=[GET]}" onto public org.springframework.web.servlet.ModelAndView com.bitekeji.weixinsell.controller.SellerOrderController.detail(java.lang.String,java.util.Map<java.lang.String, java.lang.Object>)
Mapped "{[/seller/product/index],methods=[GET]}" onto public org.springframework.web.servlet.ModelAndView com.bitekeji.weixinsell.controller.SellProductController.index(java.lang.String,java.util.Map<java.lang.String, java.lang.Object>)
Mapped "{[/seller/product/list],methods=[GET]}" onto public org.springframework.web.servlet.ModelAndView com.bitekeji.weixinsell.controller.SellProductController.list(java.lang.Integer,java.lang.Integer,java.util.Map<java.lang.String, java.lang.Object>)
Mapped "{[/seller/product/save],methods=[POST]}" onto public org.springframework.web.servlet.ModelAndView com.bitekeji.weixinsell.controller.SellProductController.save(com.bitekeji.weixinsell.form.ProductForm,org.springframework.validation.BindingResult,java.util.Map<java.lang.String, java.lang.Object>)
Mapped "{[/seller/product/offSale],methods=[GET]}" onto public org.springframework.web.servlet.ModelAndView com.bitekeji.weixinsell.controller.SellProductController.offSale(java.lang.String,java.util.Map<java.lang.String, java.lang.Object>)
Mapped "{[/seller/product/onSale],methods=[GET]}" onto public org.springframework.web.servlet.ModelAndView com.bitekeji.weixinsell.controller.SellProductController.onSale(java.lang.String,java.util.Map<java.lang.String, java.lang.Object>)
Mapped "{[/wechat/userInfo],methods=[GET]}" onto public java.lang.String com.bitekeji.weixinsell.controller.WechatController.userInfo(java.lang.String,java.lang.String)
Mapped "{[/wechat/authorize],methods=[GET]}" onto public java.lang.String com.bitekeji.weixinsell.controller.WechatController.authorize(java.lang.String)
Mapped "{[/weixin/auth],methods=[GET]}" onto public void com.bitekeji.weixinsell.controller.WeixinController.auth(java.lang.String)
Mapped "{[/error]}" onto public org.springframework.http.ResponseEntity<java.util.Map<java.lang.String, java.lang.Object>> org.springframework.boot.autoconfigure.web.servlet.error.BasicErrorController.error(javax.servlet.http.HttpServletRequest)
Mapped "{[/error],produces=[text/html]}" onto public org.springframework.web.servlet.ModelAndView org.springframework.boot.autoconfigure.web.servlet.error.BasicErrorController.errorHtml(javax.servlet.http.HttpServletRequest,javax.servlet.http.HttpServletResponse)
Mapped URL path [/webjars/**] onto handler of type [class org.springframework.web.servlet.resource.ResourceHttpRequestHandler]
Mapped URL path [/**] onto handler of type [class org.springframework.web.servlet.resource.ResourceHttpRequestHandler]
Adding welcome page: class path resource [static/index.html]
ClassTemplateLoader for Spring macros added to FreeMarker configuration
Registering beans for JMX exposure on startup
Bean with name 'dataSource' has been autodetected for JMX exposure
Located MBean 'dataSource': registering with JMX server as MBean [com.zaxxer.hikari:name=dataSource,type=HikariDataSource]
Starting ProtocolHandler ["http-nio-8080"]
Using a shared selector for servlet write/read
Tomcat started on port(s): 8080 (http) with context path '/sell'
Started WeixinsellApplication in 5.253 seconds (JVM running for 6.727)
Initializing Spring FrameworkServlet 'dispatcherServlet'
FrameworkServlet 'dispatcherServlet': initialization started
FrameworkServlet 'dispatcherServlet': initialization completed in 19 ms
HHH000397: Using ASTQueryTranslatorFactory
找到指定用户
Starting without optional epoll library
Starting without optional kqueue library
Starting WeixinsellApplication on LAPTOP-0ECG6CSM with PID 11936 (D:\programming\EE\target\classes started by 38134 in D:\programming\EE)
No active profile set, falling back to default profiles: default
Refreshing org.springframework.boot.web.servlet.context.AnnotationConfigServletWebServerApplicationContext@6b00f608: startup date [Fri Aug 24 16:20:56 CST 2018]; root of context hierarchy
Multiple Spring Data modules found, entering strict repository configuration mode!
Multiple Spring Data modules found, entering strict repository configuration mode!
Spring Data Redis - Could not safely identify store assignment for repository candidate interface com.bitekeji.weixinsell.repository.OrderDetailReposity.
Spring Data Redis - Could not safely identify store assignment for repository candidate interface com.bitekeji.weixinsell.repository.OrderMasterReposity.
Spring Data Redis - Could not safely identify store assignment for repository candidate interface com.bitekeji.weixinsell.repository.ProductCategoryReposity.
Spring Data Redis - Could not safely identify store assignment for repository candidate interface com.bitekeji.weixinsell.repository.ProductInfoReposity.
Spring Data Redis - Could not safely identify store assignment for repository candidate interface com.bitekeji.weixinsell.repository.SellerInfoReposity.
Bean 'org.springframework.transaction.annotation.ProxyTransactionManagementConfiguration' of type [org.springframework.transaction.annotation.ProxyTransactionManagementConfiguration$$EnhancerBySpringCGLIB$$7956068c] is not eligible for getting processed by all BeanPostProcessors (for example: not eligible for auto-proxying)
Tomcat initialized with port(s): 8080 (http)
Initializing ProtocolHandler ["http-nio-8080"]
Starting service [Tomcat]
Starting Servlet Engine: Apache Tomcat/8.5.32
The APR based Apache Tomcat Native library which allows optimal performance in production environments was not found on the java.library.path: [D:\programming\jdk1.8\bin;C:\WINDOWS\Sun\Java\bin;C:\WINDOWS\system32;C:\WINDOWS;C:\ProgramData\Oracle\Java\javapath;C:\Program Files\MySQL\MySQL Server 5.7\bin;C:;D:\programming\jdk1.8\bin;D:\programming\jdk1.8\jre\bin; \ProgramData\Oracle\Java\javapath;C:\Program Files (x86)\Intel\iCLS Client\;C:\Program Files\Intel\iCLS Client\;C:\Windows\system32;C:\Windows;C:\Windows\System32\Wbem;C:\Windows\System32\WindowsPowerShell\v1.0\;C:\Program Files (x86)\Intel\Intel(R) Management Engine Components\DAL;C:\Program Files\Intel\Intel(R) Management Engine Components\DAL;C:\Program Files (x86)\Intel\Intel(R) Management Engine Components\IPT;C:\Program Files\Intel\Intel(R) Management Engine Components\IPT;C:\Program Files (x86)\NVIDIA Corporation\PhysX\Common;C:\Program Files\MySQL\MySQL Utilities 1.6\;D:\programming\apache-maven-3.5.2\bin;D:\Applications\Svn\bin;C:\Program Files\Git\cmd;C:\WINDOWS\system32;C:\WINDOWS;C:\WINDOWS\System32\Wbem;C:\WINDOWS\System32\WindowsPowerShell\v1.0\;C:\WINDOWS\System32\OpenSSH\;C:\Program Files\Intel\WiFi\bin\;C:\Program Files\Common Files\Intel\WirelessCommon\;C:\Program Files\nodejs\;D:\programming\Microsoft VS Code\bin;C:\Users\38134\AppData\Local\Microsoft\WindowsApps;C:\Users\38134\AppData\Local\GitHubDesktop\bin;D:\programming\Microsoft VS Code\bin;C:\Users\38134\AppData\Local\Microsoft\WindowsApps;C:\Users\38134\AppData\Roaming\npm;D:\programming\Fiddler;.]
Initializing Spring embedded WebApplicationContext
Root WebApplicationContext: initialization completed in 1569 ms
Servlet dispatcherServlet mapped to [/]
Mapping filter: 'characterEncodingFilter' to: [/*]
Mapping filter: 'hiddenHttpMethodFilter' to: [/*]
Mapping filter: 'httpPutFormContentFilter' to: [/*]
Mapping filter: 'requestContextFilter' to: [/*]
HikariPool-1 - Starting...
HikariPool-1 - Start completed.
Building JPA container EntityManagerFactory for persistence unit 'default'
HHH000204: Processing PersistenceUnitInfo [
	name: default
	...]
HHH000412: Hibernate Core {5.2.17.Final}
HHH000206: hibernate.properties not found
HCANN000001: Hibernate Commons Annotations {5.0.1.Final}
HHH000400: Using dialect: org.hibernate.dialect.MySQL5Dialect
Initialized JPA EntityManagerFactory for persistence unit 'default'
Mapped URL path [/**/favicon.ico] onto handler of type [class org.springframework.web.servlet.resource.ResourceHttpRequestHandler]
Looking for @ControllerAdvice: org.springframework.boot.web.servlet.context.AnnotationConfigServletWebServerApplicationContext@6b00f608: startup date [Fri Aug 24 16:20:56 CST 2018]; root of context hierarchy
Mapped "{[/buyer/order/create],methods=[POST]}" onto public com.bitekeji.weixinsell.VO.ResultVO<java.util.Map<java.lang.String, java.lang.String>> com.bitekeji.weixinsell.controller.BuyerOrderController.create(com.bitekeji.weixinsell.form.OrderForm,org.springframework.validation.BindingResult)
Mapped "{[/buyer/order/list],methods=[GET]}" onto public com.bitekeji.weixinsell.VO.ResultVO<java.util.List<com.bitekeji.weixinsell.dto.OrderDTO>> com.bitekeji.weixinsell.controller.BuyerOrderController.list(com.bitekeji.weixinsell.form.OrderListForm,org.springframework.validation.BindingResult)
Mapped "{[/buyer/order/detail],methods=[GET]}" onto public com.bitekeji.weixinsell.VO.ResultVO<com.bitekeji.weixinsell.dto.OrderDTO> com.bitekeji.weixinsell.controller.BuyerOrderController.detail(com.bitekeji.weixinsell.form.OrderDetailForm,org.springframework.validation.BindingResult)
Mapped "{[/buyer/order/cancle],methods=[GET]}" onto public com.bitekeji.weixinsell.VO.ResultVO<com.bitekeji.weixinsell.dto.OrderDTO> com.bitekeji.weixinsell.controller.BuyerOrderController.cancle(com.bitekeji.weixinsell.form.OrderDetailForm,org.springframework.validation.BindingResult)
Mapped "{[/buyer/product/list],methods=[GET]}" onto public com.bitekeji.weixinsell.VO.ResultVO com.bitekeji.weixinsell.controller.BuyerProductController.list()
Mapped "{[/seller/category/index],methods=[GET]}" onto public org.springframework.web.servlet.ModelAndView com.bitekeji.weixinsell.controller.SellerCategoryController.index(java.lang.Integer,java.util.Map<java.lang.String, java.lang.Object>)
Mapped "{[/seller/category/list],methods=[GET]}" onto public org.springframework.web.servlet.ModelAndView com.bitekeji.weixinsell.controller.SellerCategoryController.list(java.util.Map<java.lang.String, java.lang.Object>)
Mapped "{[/seller/category/save],methods=[POST]}" onto public org.springframework.web.servlet.ModelAndView com.bitekeji.weixinsell.controller.SellerCategoryController.save(com.bitekeji.weixinsell.form.CategoryForm,org.springframework.validation.BindingResult,java.util.Map<java.lang.String, java.lang.Object>)
Mapped "{[/seller/login]}" onto public java.lang.String com.bitekeji.weixinsell.controller.SellerLoginController.login(java.lang.String,java.lang.String,javax.servlet.http.HttpServletResponse)
Mapped "{[/seller/order/list],methods=[GET]}" onto public org.springframework.web.servlet.ModelAndView com.bitekeji.weixinsell.controller.SellerOrderController.list(java.lang.Integer,java.lang.Integer,java.util.Map<java.lang.String, java.lang.Object>)
Mapped "{[/seller/order/cancel],methods=[GET]}" onto public org.springframework.web.servlet.ModelAndView com.bitekeji.weixinsell.controller.SellerOrderController.cancel(java.lang.String,java.util.Map<java.lang.String, java.lang.Object>)
Mapped "{[/seller/order/detail],methods=[GET]}" onto public org.springframework.web.servlet.ModelAndView com.bitekeji.weixinsell.controller.SellerOrderController.detail(java.lang.String,java.util.Map<java.lang.String, java.lang.Object>)
Mapped "{[/seller/order/finish],methods=[GET]}" onto public org.springframework.web.servlet.ModelAndView com.bitekeji.weixinsell.controller.SellerOrderController.finish(java.lang.String,java.util.Map<java.lang.String, java.lang.Object>)
Mapped "{[/seller/product/index],methods=[GET]}" onto public org.springframework.web.servlet.ModelAndView com.bitekeji.weixinsell.controller.SellProductController.index(java.lang.String,java.util.Map<java.lang.String, java.lang.Object>)
Mapped "{[/seller/product/list],methods=[GET]}" onto public org.springframework.web.servlet.ModelAndView com.bitekeji.weixinsell.controller.SellProductController.list(java.lang.Integer,java.lang.Integer,java.util.Map<java.lang.String, java.lang.Object>)
Mapped "{[/seller/product/save],methods=[POST]}" onto public org.springframework.web.servlet.ModelAndView com.bitekeji.weixinsell.controller.SellProductController.save(com.bitekeji.weixinsell.form.ProductForm,org.springframework.validation.BindingResult,java.util.Map<java.lang.String, java.lang.Object>)
Mapped "{[/seller/product/offSale],methods=[GET]}" onto public org.springframework.web.servlet.ModelAndView com.bitekeji.weixinsell.controller.SellProductController.offSale(java.lang.String,java.util.Map<java.lang.String, java.lang.Object>)
Mapped "{[/seller/product/onSale],methods=[GET]}" onto public org.springframework.web.servlet.ModelAndView com.bitekeji.weixinsell.controller.SellProductController.onSale(java.lang.String,java.util.Map<java.lang.String, java.lang.Object>)
Mapped "{[/wechat/userInfo],methods=[GET]}" onto public java.lang.String com.bitekeji.weixinsell.controller.WechatController.userInfo(java.lang.String,java.lang.String)
Mapped "{[/wechat/authorize],methods=[GET]}" onto public java.lang.String com.bitekeji.weixinsell.controller.WechatController.authorize(java.lang.String)
Mapped "{[/weixin/auth],methods=[GET]}" onto public void com.bitekeji.weixinsell.controller.WeixinController.auth(java.lang.String)
Mapped "{[/error]}" onto public org.springframework.http.ResponseEntity<java.util.Map<java.lang.String, java.lang.Object>> org.springframework.boot.autoconfigure.web.servlet.error.BasicErrorController.error(javax.servlet.http.HttpServletRequest)
Mapped "{[/error],produces=[text/html]}" onto public org.springframework.web.servlet.ModelAndView org.springframework.boot.autoconfigure.web.servlet.error.BasicErrorController.errorHtml(javax.servlet.http.HttpServletRequest,javax.servlet.http.HttpServletResponse)
Mapped URL path [/webjars/**] onto handler of type [class org.springframework.web.servlet.resource.ResourceHttpRequestHandler]
Mapped URL path [/**] onto handler of type [class org.springframework.web.servlet.resource.ResourceHttpRequestHandler]
Adding welcome page: class path resource [static/index.html]
ClassTemplateLoader for Spring macros added to FreeMarker configuration
Registering beans for JMX exposure on startup
Bean with name 'dataSource' has been autodetected for JMX exposure
Located MBean 'dataSource': registering with JMX server as MBean [com.zaxxer.hikari:name=dataSource,type=HikariDataSource]
Starting ProtocolHandler ["http-nio-8080"]
Using a shared selector for servlet write/read
Tomcat started on port(s): 8080 (http) with context path '/sell'
Started WeixinsellApplication in 5.275 seconds (JVM running for 6.211)
Initializing Spring FrameworkServlet 'dispatcherServlet'
FrameworkServlet 'dispatcherServlet': initialization started
FrameworkServlet 'dispatcherServlet': initialization completed in 21 ms
Starting without optional epoll library
Starting without optional kqueue library
HHH000397: Using ASTQueryTranslatorFactory
Starting WeixinsellApplication on LAPTOP-0ECG6CSM with PID 12556 (D:\programming\EE\target\classes started by 38134 in D:\programming\EE)
No active profile set, falling back to default profiles: default
Refreshing org.springframework.boot.web.servlet.context.AnnotationConfigServletWebServerApplicationContext@38831718: startup date [Fri Aug 24 16:22:45 CST 2018]; root of context hierarchy
Multiple Spring Data modules found, entering strict repository configuration mode!
Multiple Spring Data modules found, entering strict repository configuration mode!
Spring Data Redis - Could not safely identify store assignment for repository candidate interface com.bitekeji.weixinsell.repository.OrderDetailReposity.
Spring Data Redis - Could not safely identify store assignment for repository candidate interface com.bitekeji.weixinsell.repository.OrderMasterReposity.
Spring Data Redis - Could not safely identify store assignment for repository candidate interface com.bitekeji.weixinsell.repository.ProductCategoryReposity.
Spring Data Redis - Could not safely identify store assignment for repository candidate interface com.bitekeji.weixinsell.repository.ProductInfoReposity.
Spring Data Redis - Could not safely identify store assignment for repository candidate interface com.bitekeji.weixinsell.repository.SellerInfoReposity.
Bean 'org.springframework.transaction.annotation.ProxyTransactionManagementConfiguration' of type [org.springframework.transaction.annotation.ProxyTransactionManagementConfiguration$$EnhancerBySpringCGLIB$$8e6f2a6d] is not eligible for getting processed by all BeanPostProcessors (for example: not eligible for auto-proxying)
Tomcat initialized with port(s): 8080 (http)
Initializing ProtocolHandler ["http-nio-8080"]
Starting service [Tomcat]
Starting Servlet Engine: Apache Tomcat/8.5.32
The APR based Apache Tomcat Native library which allows optimal performance in production environments was not found on the java.library.path: [D:\programming\jdk1.8\bin;C:\WINDOWS\Sun\Java\bin;C:\WINDOWS\system32;C:\WINDOWS;C:\ProgramData\Oracle\Java\javapath;C:\Program Files\MySQL\MySQL Server 5.7\bin;C:;D:\programming\jdk1.8\bin;D:\programming\jdk1.8\jre\bin; \ProgramData\Oracle\Java\javapath;C:\Program Files (x86)\Intel\iCLS Client\;C:\Program Files\Intel\iCLS Client\;C:\Windows\system32;C:\Windows;C:\Windows\System32\Wbem;C:\Windows\System32\WindowsPowerShell\v1.0\;C:\Program Files (x86)\Intel\Intel(R) Management Engine Components\DAL;C:\Program Files\Intel\Intel(R) Management Engine Components\DAL;C:\Program Files (x86)\Intel\Intel(R) Management Engine Components\IPT;C:\Program Files\Intel\Intel(R) Management Engine Components\IPT;C:\Program Files (x86)\NVIDIA Corporation\PhysX\Common;C:\Program Files\MySQL\MySQL Utilities 1.6\;D:\programming\apache-maven-3.5.2\bin;D:\Applications\Svn\bin;C:\Program Files\Git\cmd;C:\WINDOWS\system32;C:\WINDOWS;C:\WINDOWS\System32\Wbem;C:\WINDOWS\System32\WindowsPowerShell\v1.0\;C:\WINDOWS\System32\OpenSSH\;C:\Program Files\Intel\WiFi\bin\;C:\Program Files\Common Files\Intel\WirelessCommon\;C:\Program Files\nodejs\;D:\programming\Microsoft VS Code\bin;C:\Users\38134\AppData\Local\Microsoft\WindowsApps;C:\Users\38134\AppData\Local\GitHubDesktop\bin;D:\programming\Microsoft VS Code\bin;C:\Users\38134\AppData\Local\Microsoft\WindowsApps;C:\Users\38134\AppData\Roaming\npm;D:\programming\Fiddler;.]
Initializing Spring embedded WebApplicationContext
Root WebApplicationContext: initialization completed in 1605 ms
Servlet dispatcherServlet mapped to [/]
Mapping filter: 'characterEncodingFilter' to: [/*]
Mapping filter: 'hiddenHttpMethodFilter' to: [/*]
Mapping filter: 'httpPutFormContentFilter' to: [/*]
Mapping filter: 'requestContextFilter' to: [/*]
HikariPool-1 - Starting...
HikariPool-1 - Start completed.
Building JPA container EntityManagerFactory for persistence unit 'default'
HHH000204: Processing PersistenceUnitInfo [
	name: default
	...]
HHH000412: Hibernate Core {5.2.17.Final}
HHH000206: hibernate.properties not found
HCANN000001: Hibernate Commons Annotations {5.0.1.Final}
HHH000400: Using dialect: org.hibernate.dialect.MySQL5Dialect
Initialized JPA EntityManagerFactory for persistence unit 'default'
Mapped URL path [/**/favicon.ico] onto handler of type [class org.springframework.web.servlet.resource.ResourceHttpRequestHandler]
Looking for @ControllerAdvice: org.springframework.boot.web.servlet.context.AnnotationConfigServletWebServerApplicationContext@38831718: startup date [Fri Aug 24 16:22:45 CST 2018]; root of context hierarchy
Mapped "{[/buyer/order/create],methods=[POST]}" onto public com.bitekeji.weixinsell.VO.ResultVO<java.util.Map<java.lang.String, java.lang.String>> com.bitekeji.weixinsell.controller.BuyerOrderController.create(com.bitekeji.weixinsell.form.OrderForm,org.springframework.validation.BindingResult)
Mapped "{[/buyer/order/list],methods=[GET]}" onto public com.bitekeji.weixinsell.VO.ResultVO<java.util.List<com.bitekeji.weixinsell.dto.OrderDTO>> com.bitekeji.weixinsell.controller.BuyerOrderController.list(com.bitekeji.weixinsell.form.OrderListForm,org.springframework.validation.BindingResult)
Mapped "{[/buyer/order/detail],methods=[GET]}" onto public com.bitekeji.weixinsell.VO.ResultVO<com.bitekeji.weixinsell.dto.OrderDTO> com.bitekeji.weixinsell.controller.BuyerOrderController.detail(com.bitekeji.weixinsell.form.OrderDetailForm,org.springframework.validation.BindingResult)
Mapped "{[/buyer/order/cancle],methods=[GET]}" onto public com.bitekeji.weixinsell.VO.ResultVO<com.bitekeji.weixinsell.dto.OrderDTO> com.bitekeji.weixinsell.controller.BuyerOrderController.cancle(com.bitekeji.weixinsell.form.OrderDetailForm,org.springframework.validation.BindingResult)
Mapped "{[/buyer/product/list],methods=[GET]}" onto public com.bitekeji.weixinsell.VO.ResultVO com.bitekeji.weixinsell.controller.BuyerProductController.list()
Mapped "{[/seller/category/index],methods=[GET]}" onto public org.springframework.web.servlet.ModelAndView com.bitekeji.weixinsell.controller.SellerCategoryController.index(java.lang.Integer,java.util.Map<java.lang.String, java.lang.Object>)
Mapped "{[/seller/category/list],methods=[GET]}" onto public org.springframework.web.servlet.ModelAndView com.bitekeji.weixinsell.controller.SellerCategoryController.list(java.util.Map<java.lang.String, java.lang.Object>)
Mapped "{[/seller/category/save],methods=[POST]}" onto public org.springframework.web.servlet.ModelAndView com.bitekeji.weixinsell.controller.SellerCategoryController.save(com.bitekeji.weixinsell.form.CategoryForm,org.springframework.validation.BindingResult,java.util.Map<java.lang.String, java.lang.Object>)
Mapped "{[/seller/login]}" onto public java.lang.String com.bitekeji.weixinsell.controller.SellerLoginController.login(java.lang.String,java.lang.String,javax.servlet.http.HttpServletResponse)
Mapped "{[/seller/order/list],methods=[GET]}" onto public org.springframework.web.servlet.ModelAndView com.bitekeji.weixinsell.controller.SellerOrderController.list(java.lang.Integer,java.lang.Integer,java.util.Map<java.lang.String, java.lang.Object>)
Mapped "{[/seller/order/finish],methods=[GET]}" onto public org.springframework.web.servlet.ModelAndView com.bitekeji.weixinsell.controller.SellerOrderController.finish(java.lang.String,java.util.Map<java.lang.String, java.lang.Object>)
Mapped "{[/seller/order/cancel],methods=[GET]}" onto public org.springframework.web.servlet.ModelAndView com.bitekeji.weixinsell.controller.SellerOrderController.cancel(java.lang.String,java.util.Map<java.lang.String, java.lang.Object>)
Mapped "{[/seller/order/detail],methods=[GET]}" onto public org.springframework.web.servlet.ModelAndView com.bitekeji.weixinsell.controller.SellerOrderController.detail(java.lang.String,java.util.Map<java.lang.String, java.lang.Object>)
Mapped "{[/seller/product/index],methods=[GET]}" onto public org.springframework.web.servlet.ModelAndView com.bitekeji.weixinsell.controller.SellerProductController.index(java.lang.String,java.util.Map<java.lang.String, java.lang.Object>)
Mapped "{[/seller/product/list],methods=[GET]}" onto public org.springframework.web.servlet.ModelAndView com.bitekeji.weixinsell.controller.SellerProductController.list(java.lang.Integer,java.lang.Integer,java.util.Map<java.lang.String, java.lang.Object>)
Mapped "{[/seller/product/save],methods=[POST]}" onto public org.springframework.web.servlet.ModelAndView com.bitekeji.weixinsell.controller.SellerProductController.save(com.bitekeji.weixinsell.form.ProductForm,org.springframework.validation.BindingResult,java.util.Map<java.lang.String, java.lang.Object>)
Mapped "{[/seller/product/onSale],methods=[GET]}" onto public org.springframework.web.servlet.ModelAndView com.bitekeji.weixinsell.controller.SellerProductController.onSale(java.lang.String,java.util.Map<java.lang.String, java.lang.Object>)
Mapped "{[/seller/product/offSale],methods=[GET]}" onto public org.springframework.web.servlet.ModelAndView com.bitekeji.weixinsell.controller.SellerProductController.offSale(java.lang.String,java.util.Map<java.lang.String, java.lang.Object>)
Mapped "{[/wechat/userInfo],methods=[GET]}" onto public java.lang.String com.bitekeji.weixinsell.controller.WechatController.userInfo(java.lang.String,java.lang.String)
Mapped "{[/wechat/authorize],methods=[GET]}" onto public java.lang.String com.bitekeji.weixinsell.controller.WechatController.authorize(java.lang.String)
Mapped "{[/weixin/auth],methods=[GET]}" onto public void com.bitekeji.weixinsell.controller.WeixinController.auth(java.lang.String)
Mapped "{[/error]}" onto public org.springframework.http.ResponseEntity<java.util.Map<java.lang.String, java.lang.Object>> org.springframework.boot.autoconfigure.web.servlet.error.BasicErrorController.error(javax.servlet.http.HttpServletRequest)
Mapped "{[/error],produces=[text/html]}" onto public org.springframework.web.servlet.ModelAndView org.springframework.boot.autoconfigure.web.servlet.error.BasicErrorController.errorHtml(javax.servlet.http.HttpServletRequest,javax.servlet.http.HttpServletResponse)
Mapped URL path [/webjars/**] onto handler of type [class org.springframework.web.servlet.resource.ResourceHttpRequestHandler]
Mapped URL path [/**] onto handler of type [class org.springframework.web.servlet.resource.ResourceHttpRequestHandler]
Adding welcome page: class path resource [static/index.html]
ClassTemplateLoader for Spring macros added to FreeMarker configuration
Registering beans for JMX exposure on startup
Bean with name 'dataSource' has been autodetected for JMX exposure
Located MBean 'dataSource': registering with JMX server as MBean [com.zaxxer.hikari:name=dataSource,type=HikariDataSource]
Starting ProtocolHandler ["http-nio-8080"]
Using a shared selector for servlet write/read
Tomcat started on port(s): 8080 (http) with context path '/sell'
Started WeixinsellApplication in 5.529 seconds (JVM running for 6.672)
Initializing Spring FrameworkServlet 'dispatcherServlet'
FrameworkServlet 'dispatcherServlet': initialization started
FrameworkServlet 'dispatcherServlet': initialization completed in 22 ms
Starting without optional epoll library
Starting without optional kqueue library
HHH000397: Using ASTQueryTranslatorFactory
找到指定用户
找到指定用户
找到指定用户
